2023-08-06 04:47:18.959648 - Initialized conversion of CBT479
2023-08-06 04:47:19.066339 - Received CBT.V505.FILE479.PDS from FILE479.XMI 
2023-08-06 04:47:19.068934 - Found $$$#DATE.txt (text/plain) in CBT.V505.FILE479.PDS, moved to PDS/$$$#DATE
2023-08-06 04:47:19.069891 - Found $$NOTE.txt (text/plain) in CBT.V505.FILE479.PDS, moved to PDS/$$NOTE
2023-08-06 04:47:19.070917 - Found @FILE479.txt (text/plain) in CBT.V505.FILE479.PDS, moved to PDS/@FILE479
2023-08-06 04:47:19.071975 - Found BCEDIT.rexx (text/plain) in CBT.V505.FILE479.PDS, moved to PDS/BCEDIT
2023-08-06 04:47:19.073049 - Found BCEDITA.rexx (text/plain) in CBT.V505.FILE479.PDS, moved to PDS/BCEDITA
2023-08-06 04:47:19.074084 - Found BCEDITM1.rexx (text/plain) in CBT.V505.FILE479.PDS, moved to PDS/BCEDITM1
2023-08-06 04:47:19.075078 - Found BCEDITM2.rexx (text/plain) in CBT.V505.FILE479.PDS, moved to PDS/BCEDITM2
2023-08-06 04:47:19.075947 - Found BKSEARCH.rexx (text/plain) in CBT.V505.FILE479.PDS, moved to PDS/BKSEARCH
2023-08-06 04:47:19.076806 - Found CPSCB.txt (text/plain) in CBT.V505.FILE479.PDS, moved to PDS/CPSCB
2023-08-06 04:47:19.077747 - Found CPSCB$.jcl (text/plain) in CBT.V505.FILE479.PDS, moved to PDS/CPSCB$
2023-08-06 04:47:19.078763 - Found CPSCB#.txt (text/plain) in CBT.V505.FILE479.PDS, moved to PDS/CPSCB#
2023-08-06 04:47:19.079689 - Found LPSCB.txt (text/plain) in CBT.V505.FILE479.PDS, moved to PDS/LPSCB
2023-08-06 04:47:19.080687 - Found LPSCB$.jcl (text/plain) in CBT.V505.FILE479.PDS, moved to PDS/LPSCB$
2023-08-06 04:47:19.081642 - Found LPSCB#.txt (text/plain) in CBT.V505.FILE479.PDS, moved to PDS/LPSCB#
2023-08-06 04:47:19.219442 - Found YAHCLIST.xmi (application/xmit) in CBT.V505.FILE479.PDS
2023-08-06 04:47:19.245854   - Received to CBT479/YAH.CLIST
2023-08-06 04:47:19.255676 - Found YAHPANEL.xmi (application/xmit) in CBT.V505.FILE479.PDS
2023-08-06 04:47:19.258891   - Received to CBT479/YAH.PANELS
